<?xml version="1.0" encoding="UTF-8"?>
<!-- Generated by org.testng.reporters.JUnitReportReporter -->
<testsuite hostname="Dell-PC" failures="0" tests="1" name="Barcode.barcodegenerator" time="109.974" errors="0" timestamp="2020-08-12T20:35:45 IST" skipped="0">
  <testcase classname="Barcode.barcodegenerator" name="barcodereader" time="109.974"/>
  <system-out/>
</testsuite> <!-- Barcode.barcodegenerator -->
